<?xml version="1.0" encoding="UTF-8"?>
<testsuite name="co.edu.unal.paralela.StudentAnalyticsTest" time="3.175" tests="6" errors="0" skipped="0" failures="0">
  <properties>
[...]
</properties>
  <testcase name="testAverageAgeOfEnrolledStudents" classname="co.edu.unal.paralela.StudentAnalyticsTest" time="0.316"/>
  <testcase name="testAverageAgeOfEnrolledStudentsPerf" classname="co.edu.unal.paralela.StudentAnalyticsTest" time="0.44"/>
  <testcase name="testMostCommonFirstNameOfInactiveStudents" classname="co.edu.unal.paralela.StudentAnalyticsTest" time="0.543"/>
  <testcase name="testCountNumberOfFailedStudentsOlderThan20" classname="co.edu.unal.paralela.StudentAnalyticsTest" time="0.209"/>
  <testcase name="testCountNumberOfFailedStudentsOlderThan20Perf" classname="co.edu.unal.paralela.StudentAnalyticsTest" time="0.312"/>
  <testcase name="testMostCommonFirstNameOfInactiveStudentsPerf" classname="co.edu.unal.paralela.StudentAnalyticsTest" time="1.355"/>
</testsuite>